MG_HOME : /usr/local-eit/cad2/synopsys/vcf24/vc_static/V-2023.12
rma-extended-mode : 17
tw-tool-version : "2023.12"
max-workers-per-property : -1
formal-core-reduced-constraints : #t
task-rusage-messages-interval : 300
exe-dir : "/usr/local-eit/cad2/synopsys/vcf24/vc_static/V-2023.12/linux64/ctg/bin"
debug : #f
global-chain-db : #f
incremental-formal-core : #t
app-name : "fpv"
bounded-formal-core : #t
generate-formalcore : #t
oct-mode : 1977
grid-prefetch-timeout : 3600
seqaig-compression : #t
edb-dbase-id : 50039
all-results : #t
formal-core-depth : -1
cdpl-log-filter : #f
tw-bh-random-workers : 0
interactive-mode : #t
trace-compression : #t
tw-bh-randomize : #f
formal-core-stable-depth : -1
tr-init-batch-size : 10
upfront-worker-timeout : 1
skip-lower-depth-msg-ext : 3
task-rusage-messages : #t
tw-bh-mode : 0
peakmem-messages : #t
full-interactive-mode : #t
formal-core-write-freq : -1
orc-strategy : "default"
engine-score-file : "/h/d3/v/sh5704ch-s/ICP-Verification/FPV/run/vcst_rtdb/.internal/formal/fpId1/fv_eng_score"
oct-point : 9
cdpl-log-compress : #t
grid-prefetch-pct : 0
gridmem-replacement-policy : 1
crash-messages : #t
VC_STATIC_HOME : /usr/local-eit/cad2/synopsys/vcf24/vc_static/V-2023.12
gridmem-acquisition-policy : 1
sss-mode : 0
replay-hints : #t
