13:28:43 : gui:subaida:34985
13:28:43 : ___vcstRenameMan
13:28:43 : MasterSourceFile run.tcl
13:29:05 : START_VERDI
13:29:06 : ___fvSavePropDBToStream
13:29:16 : ___vcDumpDefMsgColor
13:29:17 : get_blackbox -designs -verdi
13:29:17 : get_glassbox -verdi
13:29:17 : get_snips -verdi
13:29:18 : ___fvWaitAnnotation
13:29:18 : ___fvSetReuseWave
13:29:24 : ___fvSyncSignoffCovParam {action aaMonetSyncSignoffCovParam -effortIndex 0 -trigger}
13:29:24 : ___vcChangeMsgColor msg_color_warn magenta
13:29:24 : ___vcChangeMsgColor msg_color_info black
13:30:13 : ___vcstCommandLog {verdi_cmd srcShowDefine -incrSearch traffic.chk.assume_continuous_waiting_main}
13:33:12 : check_fv
13:33:12 : ___fvReportGridUsage /h/d3/v/sh5704ch-s/ICP-Verification/FPV/run/vcst_rtdb/.internal/verdi/gridUsage.xml0
13:33:37 : ___fvGetTooltip {assert_green_no_waiting_main: assert property ( @(posedge clk)
        (!waiting_first && red_main && waiting_first) |-> green_main) }
13:33:38 : ___fvGetTooltip {assert_honor_waiting_main: assert property( @(posedge clk) 
        $rose(waiting_main)  |-> ##[0:MAX_WAIT] green_main) }
13:33:38 : ___fvGetTooltip {assert_honor_waiting_main: assert property( @(posedge clk) 
        $rose(waiting_main)  |-> ##[0:MAX_WAIT] green_main) }
13:33:39 : ___fvGetTooltip {assert_honor_waiting_main: assert property( @(posedge clk) 
        $rose(waiting_main)  |-> ##[0:MAX_WAIT] green_main) }
13:33:43 : ___vcstCommandLog {#verdi_cmd srcShowDefine -incrSearch {traffic.chk.assert_green_no_waiting_main};}
13:34:12 : ___fvGetTooltip {assert_green_no_waiting_main: assert property ( @(posedge clk)
        (!waiting_first && red_main && waiting_first) |-> green_main) }
13:34:13 : ___fvGetTooltip {assert_honor_waiting_first: assert property( @(posedge clk) 
        $rose(waiting_first) |-> ##[0:MAX_WAIT] green_first) }
13:34:13 : ___fvGetTooltip {assert_honor_waiting_first: assert property( @(posedge clk) 
        $rose(waiting_first) |-> ##[0:MAX_WAIT] green_first) }
13:34:14 : ___fvGetTooltip {assert_honor_waiting_first: assert property( @(posedge clk) 
        $rose(waiting_first) |-> ##[0:MAX_WAIT] green_first) }
13:34:15 : ___fvCheck {{1 }}
13:34:15 : ___fvReportGridUsage /h/d3/v/sh5704ch-s/ICP-Verification/FPV/run/vcst_rtdb/.internal/verdi/gridUsage.xml1
13:34:39 : ___fvGetTooltip {assert_green_no_waiting_main: assert property ( @(posedge clk)
        (!waiting_first && red_main && waiting_first) |-> green_main) }
13:34:40 : ___fvGetTooltip {assert_green_no_waiting_main: assert property ( @(posedge clk)
        (!waiting_first && red_main && waiting_first) |-> green_main) }
13:34:40 : ___fvGetTooltip {assert_green_no_waiting_main: assert property ( @(posedge clk)
        (!waiting_first && red_main && waiting_first) |-> green_main) }
13:34:41 : ___fvGetTooltip {assert_green_no_waiting_main: assert property ( @(posedge clk)
        (!waiting_first && red_main && waiting_first) |-> green_main) }
13:35:32 : ___fvFormalCoreEnableConstraints {true}
___fvFormalCoreEnableLiveness {true}
___fvFormalCoreVerboseLevel {1}
___vcstEchoAndLog {compute_formal_core -property traffic.chk.assert_green_no_waiting_main -subtype vacuity}
___fvComputeWrapper {compute_formal_core -property traffic.chk.assert_green_no_waiting_main -subtype vacuity}
13:35:32 : ___fvFCCovWrapper {}
13:35:32 : redirect -file /h/d3/v/sh5704ch-s/ICP-Verification/FPV/run/vcst_rtdb/.internal/verdi/formalCore.xml {report_formal_core -union -xml -verbose -property {traffic.chk.assert_green_no_waiting_main} -subtype vacuity }
13:35:33 :  verdi_cmd report_fml_core -xmlFile /h/d3/v/sh5704ch-s/ICP-Verification/FPV/run/vcst_rtdb/.internal/verdi/formalCore.xml -trigger
13:35:33 : action aaMonetSetCustomizeView -categories coverage -coverageSetting {FormalCore Selected:1} -trigger
13:35:33 : ___vcSetIncludeCovDesity 0 0;
13:35:33 : ___fvSetupConfig /h/d3/v/sh5704ch-s/ICP-Verification/FPV/run/vcst_rtdb/.internal/verdi/fv_setup_config_ret { clock  comb_loop  glitch  multi_driver  osc_loop  osc_seq  reset } {}
13:35:34 : ___fvReportConstant {/h/d3/v/sh5704ch-s/ICP-Verification/FPV/run/vcst_rtdb/.internal/verdi/constant.xml}
13:35:34 : ___vcSetIncludeElfile 0
13:35:35 : ___vcSetIncludeCovDesity 0 1;
13:35:41 : redirect -file /h/d3/v/sh5704ch-s/ICP-Verification/FPV/run/vcst_rtdb/.internal/verdi/formalCore.xml {report_formal_core -union -xml -verbose  -property {traffic.chk.assert_green_no_waiting_main} -subtype vacuity }
13:35:41 :  verdi_cmd report_fml_core -xmlFile /h/d3/v/sh5704ch-s/ICP-Verification/FPV/run/vcst_rtdb/.internal/verdi/formalCore.xml -trigger
13:35:42 : redirect -file /h/d3/v/sh5704ch-s/ICP-Verification/FPV/run/vcst_rtdb/.internal/verdi/formalCore.xml {report_formal_core -union -xml -verbose  -property {traffic.chk.assert_green_no_waiting_main} -subtype vacuity }
13:35:42 :  verdi_cmd report_fml_core -xmlFile /h/d3/v/sh5704ch-s/ICP-Verification/FPV/run/vcst_rtdb/.internal/verdi/formalCore.xml -trigger
13:36:00 : view_trace -property {traffic.chk.assert_honor_waiting_first} -composite
13:36:01 : view_trace -property {traffic.chk.assert_honor_waiting_first} -composite
