#######################################################################################
# fsdb.xxxxx.log : log primitive debug message of FSDB Reader
# This is for R&D to analyze when there are issues happening when FSDB reading
# The corresponding FSDB file is /h/d3/v/sh5704ch-s/ICP-Verification/FPV/run/vcst_rtdb/.internal/formal/fpId0/trace_11.xml.replay_shifted.fsdb
#######################################################################################
[BASIC]Reader version : VC Formal U-2023.03-SP2-2
[BASIC]simulator version : VC Formal U-2023.03-SP2-2
[BASIC]dumper version : unspecified
[THREAD]The MTR thread count is 3
[READSCOPE]ReadScopeTree calling time is 2
[READSCOPE]ReadScope_PartialLoad calling time is 0
[READSCOPE]Scope read by partial load count is 0
[READSCOPE]Scope read count is 14
[READSCOPE]Decompressed blk is 4
[MAXCHAIN]Decompressed cnt 8
[PERF]VC decompress count : 1
[PERF]VCChain decompress count : 1
[FSDBGate Info] start
[FSDBGate Info] Total fhdb_compute_count = 0
[FSDBGate Info] end
