version: (200506)

available memory: 64M bytes
used memory: 81920 bytes [need 80K bytes if disable swap]

used block: 3 [memory(3) file(0)]
                 [ 8K(2) 64K(1) { total 80K bytes } ]
overhead: (9514) bytes for (3) blocks [Average: (3171) bytes/block]

write  => 0(times) 0K(bytes) [0K bytes to file]
read   => 1(times) 6K(bytes) [1K bytes compressed data from file]
access => 43089(times) 339M(bytes)
          [hit ratio: 99.9977%]

time: write(0) read(0)  unit: second

swap file directory: (/h/d3/v/sh5704ch-s/ICP-Verification/FPV/run/verdiLog)
used swap file number: (1)



swap file manager:
arrSize: (256)
idxCnt: (4)
closeHead: (1)
closeTail: (2)
openCnt: (1)
fid(3): fd(0) fileName(NULL)
	mode(rb)	hot(1) cool(0) pos(0)
fid(2): fd(55) fileName(/h/d3/v/sh5704ch-s/ICP-Verification/FPV/run/verdiLog/_swap_0001#-343767349#2295639)
	size(0) lastModTime(0) curModTime(1760707404)
	mode(w+b)	hot(0) cool(1) pos(0)
fid(1): fd(0) fileName(NULL)
	mode(rb)	hot(2) cool(3) pos(0)
fid(0): fd(0) fileName(NULL)
	mode(NULL)	hot(0) cool(0) pos(0)
Swap system is reset at (Fri Oct 17 15:23:25 2025
)
version: (200506)

available memory: 64M bytes
used memory: 253952 bytes [need 168K bytes if disable swap]

used block: 10 [memory(10) file(0)]
                 [ 8K(7) 64K(3) { total 248K bytes } ]
overhead: (9514) bytes for (10) blocks [Average: (951) bytes/block]

write  => 0(times) 0K(bytes) [0K bytes to file]
read   => 3(times) 29K(bytes) [5K bytes compressed data from file]
access => 87140(times) 690M(bytes)
          [hit ratio: 99.9966%]

time: write(0) read(0)  unit: second

swap file directory: (/h/d3/v/sh5704ch-s/ICP-Verification/FPV/run/verdiLog)
used swap file number: (7)



swap file manager:
arrSize: (256)
idxCnt: (8)
closeHead: (4)
closeTail: (7)
openCnt: (3)
fid(7): fd(1073741825) fileName(/h/d3/v/sh5704ch-s/ICP-Verification/FPV/run/vcst_rtdb/.internal/design/traffic.exe.daidir/kdb.elab++/work.lib++/traffic.sva.tdc)
	size(4137) lastModTime(1760707206) curModTime(1760707206)
	mode(rb)	hot(0) cool(5) pos(0)
fid(6): fd(0) fileName(/h/d3/v/sh5704ch-s/ICP-Verification/FPV/run/vcst_rtdb/.internal/design/traffic.exe.daidir/kdb.elab++/work.lib++/bind_traffic.sva.tdc)
	size(396) lastModTime(1760707206) curModTime(1760707206)
	mode(rb)	hot(0) cool(0) pos(0)
fid(5): fd(63) fileName(/h/d3/v/sh5704ch-s/ICP-Verification/FPV/run/verdiLog/_swap_0001#-343767349#2295639)
	size(0) lastModTime(0) curModTime(1760707405)
	mode(w+b)	hot(7) cool(4) pos(0)
fid(4): fd(1073741824) fileName(/h/d3/v/sh5704ch-s/ICP-Verification/FPV/run/vcst_rtdb/.internal/design/traffic.exe.daidir/kdb.elab++/work.lib++/traffic.v.tdc)
	size(2235) lastModTime(1760707206) curModTime(1760707206)
	mode(rb)	hot(5) cool(0) pos(0)
fid(3): fd(0) fileName(NULL)
	mode(NULL)	hot(0) cool(0) pos(0)
fid(2): fd(0) fileName(NULL)
	mode(NULL)	hot(0) cool(0) pos(0)
fid(1): fd(0) fileName(NULL)
	mode(NULL)	hot(0) cool(0) pos(0)
fid(0): fd(0) fileName(NULL)
	mode(NULL)	hot(0) cool(0) pos(0)
==================================================
mySelf(0x2094a210) pre(0x1f99c240) next((nil))
version(200506)
date(Oct 26 2023 02:39:12)
