BEGIN 3:decode_out_if:fast__2:work
    reg_rd_id :  1:decode_top_th:fast:work
    read_data2 :  1:decode_top_th:fast:work
    pc_out :  1:decode_top_th:fast:work
    control_signals :  1:decode_top_th:fast:work
    read_data1 :  1:decode_top_th:fast:work
    immediate_data :  1:decode_top_th:fast:work
    instruction_illegal :  1:decode_top_th:fast:work
END 
BEGIN 3:decode_wb_if:fast__1:work
    write_id :  1:decode_wb_pkg:fast:work
    write_data :  1:decode_wb_pkg:fast:work
    clk :  1:decode_wb_pkg:fast:work
    write_en :  1:decode_wb_pkg:fast:work
    reset_n :  1:decode_wb_pkg:fast:work
END 
BEGIN 3:decode_wb_if:fast__2:work
    write_id :  1:decode_top_th:fast:work
    write_en :  1:decode_top_th:fast:work
    write_data :  1:decode_top_th:fast:work
    reset_n :  1:decode_top_th:fast:work
    clk :  1:decode_top_th:fast:work
END 
BEGIN 3:decode_out_if:fast__1:work
    control_signals :  1:decode_out_pkg:fast:work
    read_data2 :  1:decode_out_pkg:fast:work
    reg_rd_id :  1:decode_out_pkg:fast:work
    immediate_data :  1:decode_out_pkg:fast:work
    instruction_illegal :  1:decode_out_pkg:fast:work
    pc_out :  1:decode_out_pkg:fast:work
    clk :  1:decode_out_pkg:fast:work
    rst_n :  1:decode_out_pkg:fast:work
    read_data1 :  1:decode_out_pkg:fast:work
END 
BEGIN 3:decode_in_if:fast__1:work
    pc_in :  1:decode_in_pkg:fast:work
    clk :  1:decode_in_pkg:fast:work
    instruction :  1:decode_in_pkg:fast:work
    reset_n :  1:decode_in_pkg:fast:work
END 
BEGIN 3:decode_in_if:fast__2:work
    reset_n :  1:decode_top_th:fast:work
    clk :  1:decode_top_th:fast:work
    instruction :  1:decode_top_th:fast:work
    pc_in :  1:decode_top_th:fast:work
END 
