13:39:20 : Disable event(s) list: aaMonetBanffGetPropSummaryResults aaMonetEvReportDbUpdated aaMonetBanffGetPropSummary aaMonetEvReportCompressFinished aaMonetBanffGetPropResults aaMonetCmdHelp aaMonetEvReportDbUpdating aaMonetEvFormalCoreInvalidated aaMonetEvReportWaiverStarted aaMonetEvReportCompressStarted aaMonetEvErrorMsg aaMonetEvReportWaiverFinished
13:39:21 : Monet(R):UNodeAction -name aaMonetEvSourceCmdActive -data 1 -trigger
13:39:21 : Monet(S):aaAppGuiActive
13:39:22 : Monet(S):aaMonetGetCmdHelp
13:39:22 : Monet(R):UNodeAction -name aaMonetEvSourceCmdActive -data 0 -trigger
13:39:22 : Monet(R):UNodeAction -name aaMonetEvSourceCmdActive -data 1 -trigger
13:39:22 : Monet(R):UNodeAction -name aaMonetEvSourceCmdActive -data 0 -trigger
13:39:22 : Monet(R):UNodeAction -name aaMonetEvSourceCmdActive -data 1 -trigger
13:39:22 : Monet(R):UNodeAction -name aaMonetEvSourceCmdActive -data 0 -trigger
13:39:22 : Monet(R):UNodeAction -name aaMonetEvSourceCmdActive -data 1 -trigger
13:39:22 : Monet(R):UNodeAction -name aaMonetEvSourceCmdActive -data 0 -trigger
13:39:22 : Monet(R):UNodeAction -name aaMonetEvSourceCmdActive -data 1 -trigger
13:39:22 : Monet(R):UNodeAction -name aaMonetEvSourceCmdActive -data 0 -trigger
13:39:22 : Monet(R):UNodeAction -name aaMonetEvSourceCmdActive -data 1 -trigger
13:39:22 : Monet(R):UNodeAction -name aaMonetEvSourceCmdActive -data 0 -trigger
13:39:22 : Monet(R):UNodeAction -name aaMonetEvSourceCmdActive -data 1 -trigger
13:39:22 : Monet(R):UNodeAction -name aaMonetEvSourceCmdActive -data 0 -trigger
13:39:22 : Monet(R):UNodeAction -name aaMonetEvSourceCmdActive -data 1 -trigger
13:39:22 : Monet(R):UNodeAction -name aaMonetEvSourceCmdActive -data 0 -trigger
13:39:22 : Monet(R):UNodeAction -name aaMonetEvSourceCmdActive -data 1 -trigger
13:39:22 : Monet(R):UNodeAction -name aaMonetEvSourceCmdActive -data 0 -trigger
13:39:22 : Monet(R):UNodeAction -name aaMonetEvSourceCmdActive -data 1 -trigger
13:39:22 : Monet(R):UNodeAction -name aaMonetEvSourceCmdActive -data 0 -trigger
13:39:22 : Monet(R):UNodeAction -name aaMonetEvSourceCmdActive -data 1 -trigger
13:39:22 : Monet(R):UNodeAction -name aaMonetEvSourceCmdActive -data 0 -trigger
13:39:22 : Monet(R):UNodeAction -name aaMonetEvSourceCmdActive -data 1 -trigger
13:39:22 : Monet(R):UNodeAction -name aaMonetEvSourceCmdActive -data 0 -trigger
13:39:22 : Monet(R):UNodeAction -name aaMonetEvSourceCmdActive -data 1 -trigger
13:39:22 : Monet(R):UNodeAction -name aaMonetEvSourceCmdActive -data 0 -trigger
13:39:22 : Monet(R):UNodeAction -name aaMonetEvSourceCmdActive -data 1 -trigger
13:39:22 : Monet(R):UNodeAction -name aaMonetEvSourceCmdActive -data 0 -trigger
13:39:22 : Monet(R):UNodeAction -name aaMonetEvSourceCmdActive -data 1 -trigger
13:39:22 : Monet(R):UNodeAction -name aaMonetEvSourceCmdActive -data 0 -trigger
13:39:22 : Monet(R):UNodeAction -name aaMonetEvSourceCmdActive -data 1 -trigger
13:39:22 : Monet(R):UNodeAction -name aaMonetEvSourceCmdActive -data 0 -trigger
13:39:22 : Monet(R):UNodeAction -name aaMonetEvSourceCmdActive -data 1 -trigger
13:39:22 : Monet(R):UNodeAction -name aaMonetEvSourceCmdActive -data 0 -trigger
13:39:22 : Monet(R):UNodeAction -name aaMonetEvSourceCmdActive -data 1 -trigger
13:39:22 : Monet(R):UNodeAction -name aaMonetEvSourceCmdActive -data 0 -trigger
13:39:22 : Monet(R):UNodeAction -name aaMonetEvSourceCmdActive -data 1 -trigger
13:39:22 : Monet(R):UNodeAction -name aaMonetEvSourceCmdActive -data 0 -trigger
13:39:22 : Monet(R):UNodeAction -name aaMonetEvGvarState -data {enable_tcl_debug_line_number=true}
13:39:22 : Monet(R):UNodeAction -name aaMonetSetHierarchySeparator -data . -trigger
13:39:22 : Monet(R):UNodeAction -name aaMonetEvGvarState -data {hierarchy_delimiter=.}
13:39:22 : Monet(R):UNodeAction -name aaMonetEvGvarState -data {share_libcells=false}
13:39:22 : Monet(R):UNodeAction -name aaMonetEvGvarState -data {keep_source_loc_expr=true}
13:39:22 : Monet(R):UNodeAction -name aaMonetEvGvarState -data {enable_new_name_interface=false}
13:39:22 : Monet(R):UNodeAction -name aaMonetEvGvarState -data {enable_remove_temporary_flops=false}
13:39:22 : Monet(R):UNodeAction -name aaMonetEvGvarState -data {prepend_default_timescale=true}
13:39:22 : Monet(R):UNodeAction -name aaMonetEvGvarState -data {enable_ldpc_transform=false}
13:39:22 : Monet(R):UNodeAction -name aaMonetEvGvarState -data {enable_fdpc_transform=false}
13:39:22 : Monet(R):UNodeAction -name aaMonetEvGvarState -data {allow_unconn_interface_port=true}
13:39:22 : Monet(R):UNodeAction -name aaMonetEvGvarState -data {enable_vhdl_original_names=false}
13:39:22 : Monet(R):UNodeAction -name aaMonetEvGvarState -data {fml_mode_on=true}
13:39:22 : Monet(R):UNodeAction -name aaMonetEvGvarState -data {init_app_var_creation=true}
13:39:22 : Monet(R):UNodeAction -name aaMonetEvGvarState -data {async_command_max_parallel_count=8}
13:39:22 : Monet(R):UNodeAction -name aaMonetEvGvarState -data {auto_correct_waiver_name=false}
13:39:22 : Monet(R):UNodeAction -name aaMonetEvGvarState -data {cdc_vector_merged_bits_simplify_level=3}
13:39:22 : Monet(R):UNodeAction -name aaMonetEvGvarState -data {default_waiver_dir=}
13:39:22 : Monet(R):UNodeAction -name aaMonetEvGvarState -data {default_waiver_file=}
13:39:22 : Monet(R):UNodeAction -name aaMonetEvGvarState -data {default_waiver_violation_state=Waived}
13:39:22 : Monet(R):UNodeAction -name aaMonetEvGvarState -data {disable_abstract_nschema_linking=false}
13:39:22 : Monet(R):UNodeAction -name aaMonetEvGvarState -data {disable_waiver_command_prints=false}
13:39:22 : Monet(R):UNodeAction -name aaMonetEvGvarState -data {dpv_regression_mode=false}
13:39:22 : Monet(R):UNodeAction -name aaMonetEvGvarState -data {dump_signature_in_violation=false}
13:39:22 : Monet(R):UNodeAction -name aaMonetEvGvarState -data {enable_all_fields_to_create_filter=true}
13:39:22 : Monet(R):UNodeAction -name aaMonetEvGvarState -data {enable_cdc=false}
13:39:22 : Monet(R):UNodeAction -name aaMonetEvGvarState -data {enable_cdc_source_point_sch=false}
13:39:22 : Monet(R):UNodeAction -name aaMonetEvGvarState -data {enable_compressed_group=true}
13:39:22 : Monet(R):UNodeAction -name aaMonetEvGvarState -data {enable_copy_novas_libs=false}
13:39:22 : Monet(R):UNodeAction -name aaMonetEvGvarState -data {enable_dc_naming_style=false}
13:39:22 : Monet(R):UNodeAction -name aaMonetEvGvarState -data {enable_incr_waiver_db_updates=false}
13:39:22 : Monet(R):UNodeAction -name aaMonetEvGvarState -data {enable_incremental_db_updates=true}
13:39:22 : Monet(R):UNodeAction -name aaMonetEvGvarState -data {enable_lint=false}
13:39:22 : Monet(R):UNodeAction -name aaMonetEvGvarState -data {enable_nextgen_cdc=false}
13:39:22 : Monet(R):UNodeAction -name aaMonetEvGvarState -data {enable_nldm_nschema=true}
13:39:22 : Monet(R):UNodeAction -name aaMonetEvGvarState -data {enable_nldm_nschema_on_demand=false}
13:39:22 : Monet(R):UNodeAction -name aaMonetEvGvarState -data {enable_nldm_nschema_thread=true}
13:39:22 : Monet(R):UNodeAction -name aaMonetEvGvarState -data {enable_nschema_container=true}
13:39:22 : Monet(R):UNodeAction -name aaMonetEvGvarState -data {enable_one_click_group_waive=true}
13:39:22 : Monet(R):UNodeAction -name aaMonetEvGvarState -data {enable_rdc_waveform_reset_order_graph=true}
13:39:22 : Monet(R):UNodeAction -name aaMonetEvGvarState -data {enable_sam_rtl_annotation=false}
13:39:22 : Monet(R):UNodeAction -name aaMonetEvGvarState -data {enable_signature_to_create_waiver=true}
13:39:22 : Monet(R):UNodeAction -name aaMonetEvGvarState -data {enable_vc_spyglass_style_full_path=false}
13:39:22 : Monet(R):UNodeAction -name aaMonetEvGvarState -data {enable_verdi_background=true}
13:39:22 : Monet(R):UNodeAction -name aaMonetEvGvarState -data {enable_verdi_debug=true}
13:39:22 : Monet(R):UNodeAction -name aaMonetEvGvarState -data {enable_verdi_kdb_skip=false}
13:39:22 : Monet(R):UNodeAction -name aaMonetEvGvarState -data {enable_verdi_kdb_smart_elab=true}
13:39:22 : Monet(R):UNodeAction -name aaMonetEvGvarState -data {enable_verdi_symbolic_schematic=false}
13:39:22 : Monet(R):UNodeAction -name aaMonetEvGvarState -data {enable_vhdl_original_names=false}
13:39:22 : Monet(R):UNodeAction -name aaMonetEvGvarState -data {field_delimiter=.}
13:39:22 : Monet(R):UNodeAction -name aaMonetEvGvarState -data {fml_cc_coverage_analyzer=false}
13:39:22 : Monet(R):UNodeAction -name aaMonetEvGvarState -data {fml_composite_trace=true}
13:39:22 : Monet(R):UNodeAction -name aaMonetEvGvarState -data {fml_cov_fast_mode=false}
13:39:22 : Monet(R):UNodeAction -name aaMonetEvGvarState -data {fml_cov_gen_trace=default}
13:39:22 : Monet(R):UNodeAction -name aaMonetEvGvarState -data {fml_cov_llk_trace_enable=unlimited}
13:39:22 : Monet(R):UNodeAction -name aaMonetEvGvarState -data {fml_mode_on=true}
13:39:22 : Monet(R):UNodeAction -name aaMonetEvGvarState -data {fml_vacuity_on=true}
13:39:22 : Monet(R):UNodeAction -name aaMonetEvGvarState -data {fml_vdac_disable=false}
13:39:22 : Monet(R):UNodeAction -name aaMonetEvGvarState -data {fml_witness_on=false}
13:39:22 : Monet(R):UNodeAction -name aaMonetEvGvarState -data {gen_multiple_msg_based_waivers=false}
13:39:22 : Monet(R):UNodeAction -name aaMonetEvGvarState -data {gui_load_filter_group_mode=true}
13:39:22 : Monet(R):UNodeAction -name aaMonetEvGvarState -data {hide_waive_this_item_link=false}
13:39:22 : Monet(R):UNodeAction -name aaMonetEvGvarState -data {hierarchy_delimiter=.}
13:39:22 : Monet(R):UNodeAction -name aaMonetEvGvarState -data {include_filter_field_comments=false}
13:39:22 : Monet(R):UNodeAction -name aaMonetEvGvarState -data {info_disp_elems=0}
13:39:22 : Monet(R):UNodeAction -name aaMonetEvGvarState -data {keep_source_loc_expr=true}
13:39:22 : Monet(R):UNodeAction -name aaMonetEvGvarState -data {lint_functional_mode=false}
13:39:22 : Monet(R):UNodeAction -name aaMonetEvGvarState -data {lint_impl_mode=false}
13:39:22 : Monet(R):UNodeAction -name aaMonetEvGvarState -data {lint_load_goal_results=false}
13:39:22 : Monet(R):UNodeAction -name aaMonetEvGvarState -data {lint_spyglass_mode=false}
13:39:22 : Monet(R):UNodeAction -name aaMonetEvGvarState -data {lint_testbench_mode=false}
13:39:22 : Monet(R):UNodeAction -name aaMonetEvGvarState -data {msg_color_error=red}
13:39:22 : Monet(R):UNodeAction -name aaMonetEvGvarState -data {msg_color_info=none}
13:39:22 : Monet(R):UNodeAction -name aaMonetEvGvarState -data {msg_color_warn=none}
13:39:22 : Monet(R):UNodeAction -name aaMonetEvGvarState -data {scroll_table_speed=1}
13:39:22 : Monet(R):UNodeAction -name aaMonetEvGvarState -data {select_create_waiver_fields=signature}
13:39:22 : Monet(R):UNodeAction -name aaMonetEvGvarState -data {show_disabled_prop=true}
13:39:22 : Monet(R):UNodeAction -name aaMonetEvGvarState -data {show_msg_in_create_waiver=true}
13:39:22 : Monet(R):UNodeAction -name aaMonetEvGvarState -data {show_only_waived=false}
13:39:22 : Monet(R):UNodeAction -name aaMonetEvGvarState -data {show_only_waived_and_waived_temp=false}
13:39:22 : Monet(R):UNodeAction -name aaMonetEvGvarState -data {show_waivers_under_violations=false}
13:39:22 : Monet(R):UNodeAction -name aaMonetEvGvarState -data {struct_delimiter=.}
13:39:22 : Monet(R):UNodeAction -name aaMonetEvGvarState -data {track_msg_color_changes=true}
13:39:22 : Monet(R):UNodeAction -name aaMonetEvGvarState -data {verdi_postelab_to_check=false}
13:39:22 : Monet(R):UNodeAction -name aaMonetEvGvarState -data {verdi_table_font=11}
13:39:22 : Monet(R):UNodeAction -name aaMonetEvGvarState -data {verdi_vc_console_hotkey=null}
13:39:22 : Monet(R):UNodeAction -name aaMonetEvGvarState -data {vnr_write_kdb_resolve=true}
13:39:22 : Monet(R):UNodeAction -name aaMonetEvGvarState -data {waiver_disallow_append=false}
13:39:22 : Monet(R):UNodeAction -name aaMonetEvGvarState -data {waiver_require_comment=false}
13:39:22 : Monet(R):UNodeAction -name aaMonetEvGvarState -data {init_app_var_creation=false}
13:39:22 : Monet(S):aaMonetMasterUnblock -result {1}
13:39:22 : Monet(R):UNodeAction -name aaMonetEvGvarState -data {msg_color_warn=magenta}
13:39:22 : Monet(S):aaMonetMasterUnblock -result {1}
13:39:22 : Monet(R):UNodeAction -name aaMonetEvGvarState -data {msg_color_info=black}
13:39:22 : Monet(S):aaMonetMasterUnblock -result {1}
13:39:22 : Monet(S):aaMonetDbg -apps {VCFV} -plain {105585883}
13:39:23 : Monet(R):UNodeAction -name aaMonetEvSourceCmdActive -data 1 -trigger
13:39:23 : Monet(R):UNodeAction -name aaMonetEvDesignLoading  -trigger
13:39:23 : Monet(R):UNodeAction -name aaVerdiKdbAlias -data {true} -trigger
13:39:23 : Monet(R):UNodeAction -name aaMonetEvGvarState -data {fml_trace_auto_fsm_state_extraction=true}
13:39:23 : Monet(R):UNodeAction -name aaVerdiEnableKdb -data {true} -trigger
13:39:23 : Monet(R):UNodeAction -name aaVerdiSetWorkLib -data {work} -trigger
13:39:23 : Monet(R):UNodeAction -name aaVerdiCompileLog -data {} -trigger
13:39:23 : Monet(R):UNodeAction -name aaMonetEvDesignLoaded -data 1 -trigger
13:39:23 : Monet(R):UNodeAction -name aaMonetEvElabDesign  -trigger
13:39:23 : Monet(R):UNodeAction -name aaVerdiSetSimBinPath -data {traffic.exe} -trigger
13:39:23 : Monet(R):UNodeAction -name aaVerdiEvDesignTop -data {traffic} -trigger
13:39:34 : Monet(R):UNodeAction -name aaMonetSetHierarchySeparator -data . -trigger
13:39:34 : Monet(S):aaMonetBanffSavePropDBToStream -summary {1} -task {0}
13:39:34 : Monet(R):UNodeAction -name aaVerdiRefreshPropertyTable -force {0} -trigger
13:39:34 : Monet(S):aaMonetFvGetTaskAttrs
13:39:34 : Monet(R):UNodeAction -name aaMonetFvPassTaskAttrs -time {12H} -depth {-1} -effort {default} -effortConstraint {default high bug_hunting discovery userorc}-formalCoreSetting { 1 1 1 } -trigger
13:39:34 : Monet(R):UNodeAction -name aaVerdiEvSetSAMBox -data {} -trigger
13:39:34 : Monet(R):UNodeAction -name aaVerdiKdbAlias -data {true} -trigger
13:39:34 : Monet(S):aaMonetSetVerdiDesignImportDone -data {1}
13:39:35 : Monet(R):UNodeAction -name aaVerdiEvCompile -finished {} -trigger
13:39:35 : Monet(R):UNodeAction -name aaMonetEvReportDbSelectiveUpdate -data { Objects,ReportColumns,ReportTypes,Repositories,SETUP,TagParameterValue,TwEngSummary,TwEngines,TwGlobalVars,TwLocalVars,TwTasks,Vars } -trigger
13:39:35 : Monet(R):UNodeAction -name aaMonetEvElabDesignFinished -data 1 -trigger
13:39:35 : Monet(R):UNodeAction -name aaMonetEvSourceCmdActive -data 0 -trigger
13:39:35 : Monet(R):UNodeAction -name aaVerdiEvMasterSourceDone  -trigger
13:39:35 : Monet(S):aaHierViewSrcDone -data {1}
13:39:35 : Monet(R):UNodeAction -name aaVerdiEvSeqIncrSetup -xml {/h/d3/v/sh5704ch-s/ICP-Verification/FPV/run/vcst_rtdb/.internal/formal/incrVerdiSeqMapping.xml} -trigger
13:39:35 : Monet(S):aaMonetBanffSavePropDBToStream -summary {1}
13:39:35 : Monet(S):aaMonetMasterUnblock -result {1}
13:39:35 : Monet(R):UNodeAction -name aaAppInvokeAction -cmd {aaMonetBanffSavePropDBToStream -reset -summary 1 -trigger } -trigger
13:39:35 : Monet(S):aaMonetMasterUnblock -result {1}
13:39:35 : Monet(R):UNodeAction -name aaVerdiSendSviCmd -reset -data {schSetPreference -displayAbstractSrc off } -trigger
13:39:35 : Monet(S):aaVerdiSendSviCmdDone -result {1} -success {1}
13:39:35 : Monet(S):aaMonetMasterUnblock -result {1}
13:39:35 : Monet(S):aaMSduChannelConnected
13:39:35 : Monet(R):UNodeAction -name aaVerdiBlackboxReport -reset -data {  -delim {.}} -trigger
13:39:35 : Monet(S):aaMonetMasterUnblock -result {1}
13:39:35 : Monet(R):UNodeAction -name aaVerdiGlassboxReport -reset -data { -delim {.}} -trigger
13:39:35 : Monet(S):aaMonetMasterUnblock -result {1}
13:39:35 : Monet(S):aaMonetMasterUnblock -result {1}
13:39:35 : Monet(S):aaMonetMasterUnblock -result {1}
13:39:35 : Monet(R):UNodeAction -name aaAppInvokeAction -cmd {aaVerdiWaitAnnotation -trigger } -trigger
13:39:35 : Monet(S):aaMonetMasterUnblock -result {1}
13:39:35 : Monet(R):UNodeAction -name aaVerdiSendSviCmd -reset -data {verdiGetRCValue -section appSetting -key reuseWave } -trigger
13:39:35 : Monet(S):aaVerdiSendSviCmdDone -success {1}
13:39:35 : Monet(S):aaMonetMasterUnblock -result {1}
13:39:35 : Monet(R):UNodeAction -name aaAppInvokeAction -cmd {aaMonetSetReuseWave -data $value } -trigger
13:39:35 : Monet(S):aaMonetMasterUnblock -result {1}
13:39:35 : Monet(S):aaMonetMasterUnblock -result {1}
13:39:35 : Monet(R):UNodeAction -name aaAppInvokeAction -cmd {aaVerdiRestoreClipboard -trigger } -trigger
13:39:35 : Monet(S):aaMonetMasterUnblock -result {1}
13:39:35 : Monet(S):aaMonetBanffSavePropDBToStream -summary {1}
13:39:35 : Monet(S):aaMonetMasterUnblock -result {1}
13:39:35 : Monet(R):UNodeAction -name aaAppInvokeAction -cmd {aaMonetBanffSavePropDBToStream -reset -summary 1 -trigger } -trigger
13:39:36 : Monet(S):aaMonetMasterUnblock -result {1}
13:39:36 : Monet(S):aaMonetMasterUnblock -result {1}
13:39:36 : Monet(R):UNodeAction -name aaAppInvokeAction -cmd {aaMonetSyncSignoffCovParam -effortIndex 0 -trigger } -trigger
13:39:36 : Monet(S):aaMonetMasterUnblock -result {1}
13:40:02 : Monet(S):aaMonetMasterUnblock -result {1}
13:40:02 : Monet(R):UNodeAction -name aaAppInvokeAction -cmd {aaMonetSetupWizard -trigger } -trigger
13:40:02 : Monet(S):aaMonetMasterUnblock -result {1}
13:40:02 : Monet(S):aaMonetMasterUnblock -result {1}
13:40:47 : Monet(R):UNodeAction -name aaVerdiSendSviCmd -reset -data {vcstPropertyDensity -includeCov 0 } -trigger
13:40:47 : Monet(S):aaVerdiSendSviCmdDone -result {0} -success {1}
13:40:47 : Monet(S):aaMonetMasterUnblock -result {1}
13:40:47 : Monet(R):UNodeAction -name aaMonetEvSetupConfigUpdate  -trigger
13:40:47 : Monet(R):UNodeAction -name aaMonetEvSetupConfigUpdate  -trigger
13:40:47 : Monet(R):UNodeAction -name aaMonetEvSetupConfigUpdate  -trigger
13:40:47 : Monet(R):UNodeAction -name aaMonetEvSetupConfigUpdate  -trigger
13:40:47 : Monet(R):UNodeAction -name aaMonetEvSetupConfigUpdate  -trigger
13:40:47 : Monet(R):UNodeAction -name aaMonetEvSetupConfigUpdate  -trigger
13:40:47 : Monet(R):UNodeAction -name aaMonetEvSetupConfigUpdate  -trigger
13:40:47 : Monet(S):aaMonetMasterUnblock -result {1}
13:41:38 : Monet(S):aaMonetMasterUnblock -result {1}
13:41:38 : Monet(R):UNodeAction -name aaAppInvokeAction -cmd {aaMonetGetTooltip -tooltip {assert_green_no_waiting_first: assert property ( @(posedge clk)
        (!waiting_main && red_first && waiting_first) |-> green_first) } -trigger } -trigger
13:41:38 : Monet(S):aaMonetMasterUnblock -result {1}
13:41:42 : Monet(S):aaMonetMasterUnblock -result {1}
13:41:42 : Monet(R):UNodeAction -name aaAppInvokeAction -cmd {aaMonetGetTooltip -tooltip {assert_gyr_oh_first: assert property ( @(posedge clk)
        $onehot({green_first,red_first,yellow_first})) } -trigger } -trigger
13:41:42 : Monet(S):aaMonetMasterUnblock -result {1}
13:41:42 : Monet(S):aaMonetMasterUnblock -result {1}
13:41:42 : Monet(R):UNodeAction -name aaAppInvokeAction -cmd {aaMonetGetTooltip -tooltip {assert_green_no_waiting_main: assert property ( @(posedge clk)
        (!waiting_first && red_main && waiting_first) |-> green_main) } -trigger } -trigger
13:41:42 : Monet(S):aaMonetMasterUnblock -result {1}
13:41:43 : Monet(S):aaMonetMasterUnblock -result {1}
13:41:43 : Monet(R):UNodeAction -name aaAppInvokeAction -cmd {aaMonetGetTooltip -tooltip {assert_gyr_oh_first: assert property ( @(posedge clk)
        $onehot({green_first,red_first,yellow_first})) } -trigger } -trigger
13:41:43 : Monet(S):aaMonetMasterUnblock -result {1}
13:41:43 : Monet(S):aaMonetMasterUnblock -result {1}
13:41:43 : Monet(R):UNodeAction -name aaAppInvokeAction -cmd {aaMonetGetTooltip -tooltip {assert_gyr_oh_first: assert property ( @(posedge clk)
        $onehot({green_first,red_first,yellow_first})) } -trigger } -trigger
13:41:43 : Monet(S):aaMonetMasterUnblock -result {1}
13:41:44 : Monet(S):aaMonetMasterUnblock -result {1}
13:41:44 : Monet(R):UNodeAction -name aaAppInvokeAction -cmd {aaMonetGetTooltip -tooltip {assert_gyr_oh_first: assert property ( @(posedge clk)
        $onehot({green_first,red_first,yellow_first})) } -trigger } -trigger
13:41:44 : Monet(S):aaMonetMasterUnblock -result {1}
13:41:45 : Monet(S):aaMonetMasterUnblock -result {1}
13:41:45 : Monet(R):UNodeAction -name aaAppInvokeAction -cmd {aaMonetGetTooltip -tooltip {assert_hazard_in_main: assert property( @(posedge clk) 
        (green_main || yellow_main) |-> red_first) } -trigger } -trigger
13:41:45 : Monet(S):aaMonetMasterUnblock -result {1}
13:41:45 : Monet(S):aaMonetMasterUnblock -result {1}
13:41:45 : Monet(R):UNodeAction -name aaAppInvokeAction -cmd {aaMonetGetTooltip -tooltip {assert_hazard_in_main: assert property( @(posedge clk) 
        (green_main || yellow_main) |-> red_first) } -trigger } -trigger
13:41:45 : Monet(S):aaMonetMasterUnblock -result {1}
13:41:45 : Monet(S):aaMonetMasterUnblock -result {1}
13:41:45 : Monet(R):UNodeAction -name aaAppInvokeAction -cmd {aaMonetGetTooltip -tooltip {assert_hazard_in_main: assert property( @(posedge clk) 
        (green_main || yellow_main) |-> red_first) } -trigger } -trigger
13:41:45 : Monet(S):aaMonetMasterUnblock -result {1}
13:41:45 : Monet(S):aaMonetMasterUnblock -result {1}
13:41:45 : Monet(R):UNodeAction -name aaAppInvokeAction -cmd {aaMonetGetTooltip -tooltip {assert_honor_waiting_first: assert property( @(posedge clk) 
        $rose(waiting_first) |-> ##[0:MAX_WAIT] green_first) } -trigger } -trigger
13:41:45 : Monet(S):aaMonetMasterUnblock -result {1}
13:41:45 : Monet(S):aaMonetMasterUnblock -result {1}
13:41:45 : Monet(R):UNodeAction -name aaAppInvokeAction -cmd {aaMonetGetTooltip -tooltip {assert_honor_waiting_first: assert property( @(posedge clk) 
        $rose(waiting_first) |-> ##[0:MAX_WAIT] green_first) } -trigger } -trigger
13:41:45 : Monet(S):aaMonetMasterUnblock -result {1}
13:41:45 : Monet(S):aaMonetMasterUnblock -result {1}
13:41:45 : Monet(R):UNodeAction -name aaAppInvokeAction -cmd {aaMonetGetTooltip -tooltip {assert_honor_waiting_first: assert property( @(posedge clk) 
        $rose(waiting_first) |-> ##[0:MAX_WAIT] green_first) } -trigger } -trigger
13:41:45 : Monet(S):aaMonetMasterUnblock -result {1}
13:41:45 : Monet(S):aaMonetMasterUnblock -result {1}
13:41:45 : Monet(R):UNodeAction -name aaAppInvokeAction -cmd {aaMonetGetTooltip -tooltip {assert_honor_waiting_first: assert property( @(posedge clk) 
        $rose(waiting_first) |-> ##[0:MAX_WAIT] green_first) } -trigger } -trigger
13:41:45 : Monet(S):aaMonetMasterUnblock -result {1}
13:41:45 : Monet(S):aaMonetMasterUnblock -result {1}
13:41:45 : Monet(R):UNodeAction -name aaAppInvokeAction -cmd {aaMonetGetTooltip -tooltip {assert_honor_waiting_first: assert property( @(posedge clk) 
        $rose(waiting_first) |-> ##[0:MAX_WAIT] green_first) } -trigger } -trigger
13:41:45 : Monet(S):aaMonetMasterUnblock -result {1}
13:41:45 : Monet(S):aaMonetMasterUnblock -result {1}
13:41:45 : Monet(R):UNodeAction -name aaAppInvokeAction -cmd {aaMonetGetTooltip -tooltip {assert_honor_waiting_first: assert property( @(posedge clk) 
        $rose(waiting_first) |-> ##[0:MAX_WAIT] green_first) } -trigger } -trigger
13:41:45 : Monet(S):aaMonetMasterUnblock -result {1}
13:43:06 : Monet(R):UNodeAction -name aaVerdiSendCmd -data {verdiComplexityConstructApp -xmlFile /h/d3/v/sh5704ch-s/ICP-Verification/FPV/run/vcst_rtdb/.internal/verdi/complexity.xml} -trigger
13:43:06 : Monet(S):aaMonetMasterUnblock -result {1}
13:43:06 : Monet(R):UNodeAction -name aaVerdiSendSviCmd -reset -data {verdiVcstConstantGet -xmlFile /h/d3/v/sh5704ch-s/ICP-Verification/FPV/run/vcst_rtdb/.internal/verdi/constant.xml -updateComplexity } -trigger
13:43:06 : Monet(S):aaVerdiSendSviCmdDone -result {1} -success {1}
13:43:06 : Monet(S):aaMonetMasterUnblock -result {1}
