>>>verdiVcstResizeTopWin
<<< Success : 
>>>verdiDockWidgetSetCurTab -dock windowDock_vcstConsole_2
<<< Success : 1
>>>::vcst::creatInstAction
<<< Success : 
>>>::vcst::createAnalyzerAction
<<< Success : 
>>>::vcst::creatResetLayoutAction
<<< Success : 
>>>::vcst::creatAssertAnalyzerAction
<<< Success : 
>>>set ::vcst::EnableUDWin 0
<<< Success : 0
>>>qwConfig -type nWave -cmds [list {qwAddToolBarGroup -group "UDWinGroup"} {qwAddToolBarGroup -group "AssertAnalyzer"}]
<<< Success : 
>>>srcSetOptions -lockActView on
<<< Success : 1
>>>::vcst::createAddTraceToWaveAction
<<< Success : 
>>>source /usr/local-eit/cad2/synopsys/vcf24/vc_static/V-2023.12/auxx/monet/tcl/menu.tcl

<<< Success : 1
>>>verdiWindowPrependTitle -win $_nTrace1 -preTitle {}
<<< Success : 0
>>>set ::vcst::_compositeTrace {1}
<<< Success : 1
>>>verdiVcstSyncMsgColor -errorColor "default_red" -warningColor "default_none" -infoColor "default_none"
>>>@@@Event: vcstMsgColorChange(warningColor magenta true)
>>>@@@Event: vcstMsgColorChange(infoColor black true)
<<< Success : 
>>>verdiSetRCValue -section appSetting -key font -value {Bitstream Vera Sans(11)};
<<< Success : 
>>>verdiSetPrefEnv -monoFontSize "11"
<<< Success : 1
>>>setStyleFvProgress -css {font-family:Bitstream Vera Sans monospace;font-size:11px}
<<< Success : 0
>>>setStyleFvGoalProgress -css {font-family:Bitstream Vera Sans monospace;font-size:11px}
<<< Success : 1
>>>verdiSetFont -font "Bitstream Vera Sans" -size "11"
<<< Success : 1
>>>verdiVcstOnPropSelectionChanged -strNum 0 -propList {}
<<< Success : 
>>>verdiDockWidgetSetCurTab -dock widgetDock_VCF:GoalList
<<< Success : 1
>>>@@@Event: swnTraceWindowType(-win "nTrace")
>>>verdiVcstDesignLoaded
<<< Success : 
>>>verdiDockWidgetSetCurTab -dock widgetDock_VCF:TaskList
<<< Success : 1
>>>verdiVcstSetAppmode -mode FPV -fromVcst
<<< Success : 
>>>verdiVcstChangeGoalListTabName -tabName VCF:GoalList
<<< Success : 
>>>verdiVcstChangeGoalListTabName -tabName VCF:GoalList(FPV)
<<< Success : 
>>>verdiSetRCValue -section appSetting -key glbfilter -value {111}
<<< Success : 
>>>vcstRunCovCmd -async {gui_vcst_set_parameters -status_msg { _EnableMedHighEffort_0}}
<<< Success : 0
>>>verdiVcstChangeGoalListTabName -tabName VCF:GoalList
<<< Success : 
>>>verdiVcstChangeGoalListTabName -tabName VCF:GoalList(FPV)
<<< Success : 
>>>verdiSetRCValue -section appSetting -key glbfilter -value {111}
<<< Success : 
>>>set ::vcst::_fml_max_proof_depth {-1};set ::vcst::_fml_max_time {12H};catch {verdiVcstOnFmlVarChanged -key {fml_effort} -value {default}}
<<< Success : 0
>>>verdiAboutDlg -banner {
VC Static

Version V-2023.12 for linux64 - Nov 24, 2023

Copyright (c) 2010 - 2023 Synopsys, Inc.
}
<<< Success : 1
>>>verdiSetStatusMsg -win Verdi_1 -color red { Design import... cross probing not ready }
<<< Success : 1
>>>set ::vcst::_top "traffic"
set ::vcst::_elab ""
set ::vcst::_elabOpts {}
set ::vcst::_rtdbDir {/h/d3/v/sh5704ch-s/ICP-Verification/FPV/run/vcst_rtdb}
set ::vcst::_hiddenDir {.internal}
set ::vcst::_masterMode true
set ::vcst::_workLib "work"
set ::vcst::_upfOpts " -upf "
set ::vcst::_enableKdb "true"
set ::vcst::_simBinPath "traffic.exe"
set ::vcst::_goldenUpfConfig {}
set ::vcst::_nldmNschema {false}
set ::vcst::_kdbAlias {true}
set ::vcst::_covDut {}
set ::vcst::_splitbus {false}
set ::vcst::_enableVerdiLog {1}
set ::vcst::_fml_max_proof_depth {-1}
set ::vcst::_smartLoad {true}
set ::vcst::_compositeTrace {1}
set ::vcst::_strategyFilePath {}
set ::vcst::_enableVnrWriteKdb {false}
set ::vcst::_bIsFormalFlow {true}
set ::vcst::_bGlobalFsdbPresent {false}
set ::vcst::_sRunModes {}
set ::vcst::_enableVnrWriteKdbResolve {true}
set ::vcst::_diucFlow {false}
set ::vcst::_libArgs ""
set ::vcst::_seqXmlFile ""
schSetVCSTDelimiter -VHDLGenDelim "."
schUnifiedNetList -skipKdb
schSetPreference -turboLibs {} -turboLibPaths {}
verdiSetPrefEnv -bSpecifyWindowTitleForDockContainer off
paSetPreference -brightenPowerColor on
schSetPreference -showPassThroughNet on
paSetPreference -AnnotateSignal off
paSetPreference -highlightPowerObject off
srcAssertSetOpt -addSigToWave 0 -addSigWithExpGrp 1 -maskWave 0 -ShowCycleInfo 1
srcBlockFilelocateDlg on
verdiRunVcst -on
schSetVCSTDelimiter -hierDelim .
set ::vcst::_vcstAppHierDelim "."
srcSetXpropOption "tmerge"
set ::vcst::_powerDbDir ""
set ::vcst::_bRestore ""
verdiDockWidgetFix -dock widgetDock_VCF:GoalList
::vcst::loadMainWin "0"
verdiDockWidgetUnfix -dock widgetDock_VCF:GoalList

srcBlockFilelocateDlg off

setStyleFvProgress -css {font-family:Bitstream Vera Sans monospace;font-size:11px}
setStyleFvGoalProgress -css {font-family:Bitstream Vera Sans monospace;font-size:11px}
verdiSetFont -font "Bitstream Vera Sans" -size "11"
verdiSetPrefEnv -monoFontSize "11"
verdiVcstEnableAppMode -enable FRV

verdiRunVcstCmd "___fvWaitAnnotation
" -no_wait
verdiRunVcstCmd "___fvSetReuseWave
" -no_wait
>>>@@@Event: srcImportDesign(traffic)
>>>verdiSetStatusMsg -win Verdi_1 -color black { Design import ready }
<<< Success : 1
>>>@@@Event: srcChangeScope(traffic)
>>>@@@Event: srcHBTreeSelect({ 1 {traffic}})
>>>@@@Event: srcHBTreeSelect({ 1 {traffic}})
>>>@@@Event: srcGetSnipSignal(srcGetSnipSignal)
>>>@@@Event: srcGetBlackbox(srcGetBlackbox)
>>>@@@Event: verdiRunVcstCmd(___fvWaitAnnotation
 -no_wait)
>>>verdiGetVcstCmdResult -xmlstr {<Command name="___fvWaitAnnotation
" received="1"></Command>}

<<< Success : 1
>>>@@@Event: verdiRunVcstCmd(___fvSetReuseWave
 -no_wait)
>>>verdiGetVcstCmdResult -xmlstr {<Command name="___fvSetReuseWave
" received="1"></Command>}

<<< Success : 1
<<< Success : 1
>>>srcSetPreference -tabNum 16
<<< Success : 1
>>>verdiSetPrefEnv -bDockNewWindowInContainerWhenFindSameType "off"
<<< Success : 1
>>>set ::vcst::_bRestore ""
<<< Success : 
>>>verdiLayoutFreeze -off
<<< Success : 1
>>>verdiToolBar -rm toolbarHB_TOGGLE_PANEL toolbarHB_EMULATION_PANEL toolbarHB_PRODTYPE_PANEL UVM_AWARE_DEBUG AMS_CONFIG_TOOLBAR NOVAS_TBBR_INTERACTIVEVIEW_PANEL NOVAS_TBBR_DEBUG_REWIND_COMMAND NOVAS_TBBR_DEBUG_REWIND_UNDO_REDO_COMMAND NOVAS_TBBR_DEBUG_REVERSE_COMMAND NOVAS_TBBR_DEBUG_VSIM_COMMAND NOVAS_EMULATION_DEBUG_COMMAND CVG_CER_PANEL
<<< Success : 1
>>>verdiRunVcstCmd "action aaVerdiRestoreClipboard -trigger
" -no_wait
>>>@@@Event: verdiRunVcstCmd(action aaVerdiRestoreClipboard -trigger
 -no_wait)
>>>verdiGetVcstCmdResult -xmlstr {<Command name="action" received="1"></Command>}

<<< Success : 1
>>>verdiGetVcstCmdResult -xmlstr {<Command name="action" status="1"></Command>}

<<< Success : 1
<<< Success : 1
>>>syncSignoffCovParamFromRcFile
>>>@@@Event: verdiRunVcstCmd(___fvSyncSignoffCovParam {action aaMonetSyncSignoffCovParam -effortIndex 0 -trigger} -no_wait)
>>>verdiGetVcstCmdResult -xmlstr {<Command name="___fvSyncSignoffCovParam" received="1"></Command>}

<<< Success : 1
<<< Success : 1
>>>verdiVcstSetSviPid -pid 2276423
<<< Success : 
>>>verdiSetRCValue -section appSetting -key verdiFirstMode -value 1
<<< Success : 
>>>verdiSetRCValue -section appSetting -key vcstVersion -value V-2023.12
<<< Success : 
>>>verdiVcstDesignLoaded
<<< Success : 
>>>verdiLayoutFreeze -off
<<< Success : 1
>>>::vcst::showDebugViews -1 false false setupSource
<<< Success : 1
>>>verdiWindowMoveDockTab -win Verdi_1 widgetDock_VCF:Shell widgetDock_VCF:GoalList widgetDock_<Message>
verdiDockWidgetSetCurTab -dock widgetDock_VCF:GoalList

<<< Success : 1
>>>viaLogViewerLoadVcstConsoleLogRc; set vcstMasterSourceDone 1
<<< Success : 1
>>>vcstRunCovCmd -async {gui_vcst_set_parameters -status_msg { _EnableMedHighEffort_0}}
<<< Success : 0
>>>verdiVcstChangeGoalListTabName -tabName VCF:GoalList
<<< Success : 
>>>verdiVcstChangeGoalListTabName -tabName VCF:GoalList(FPV)
<<< Success : 
>>>verdiSetRCValue -section appSetting -key glbfilter -value {111}
<<< Success : 
>>>schSetPreference -displayAbstractSrc off 
<<< Success : 1
>>>vcstRunCovCmd -async {gui_vcst_set_parameters -status_msg { _EnableMedHighEffort_0}}
<<< Success : 0
>>>srcSetBlackbox   -delim {.}
<<< Success : 0
>>>srcSetGlassbox  -delim {.}
<<< Success : 0
>>>verdiSetRCValue -section appSetting -key conSize -value {PROPERTY_CLASS,100:PROPERTY_CLOCK,100:PROPERTY_EXPRESSION,100:PROPERTY_ID,100:PROPERTY_INSTANCE,100:PROPERTY_LANGUAGE,100:PROPERTY_LOCATION,100:PROPERTY_NAME,100:PROPERTY_SCOPE,100:PROPERTY_SIGNALS,100:PROPERTY_SVA_TYPE,100:PROPERTY_TYPE,100:PROPERTY_USAGE,100:PROPERTY_VACUITY,100:PROPERTY_WITNESS,100:};
<<< Success : 
>>>@@@Event: debMidBtnDown(nTrace)
>>>@@@Event: debDndSrc(nTrace)
>>>verdiGetRCValue -section appSetting -key reuseWave 
<<< Success : 
>>>vcstRunCovCmd -async {gui_vcst_set_parameters -status_msg { _EnableMedHighEffort_0}}
<<< Success : 0
>>>verdiVcstChangeGoalListTabName -tabName VCF:GoalList
<<< Success : 
>>>verdiVcstChangeGoalListTabName -tabName VCF:GoalList(FPV)
<<< Success : 
>>>verdiSetRCValue -section appSetting -key glbfilter -value {111}
<<< Success : 
>>>vcstRunCovCmd -async {gui_vcst_set_parameters -status_msg { _EnableMedHighEffort_0}}
<<< Success : 0
>>>@@@Event: swnTraceWindowType(-win "nTrace")
>>>@@@Event: swnTraceWindowType(-win "nTrace")
>>>@@@Event: verdiRunVcstCmd(action aaMonetSetupWizard -trigger)
>>>verdiGetVcstCmdResult -xmlstr {<Command name="action" received="1"></Command>}

<<< Success : 1
>>>verdiGetVcstCmdResult -xmlstr {<Command name="action" status="1"></Command>}

<<< Success : 1
>>>@@@Event: swnTraceWindowType(-win "nTrace")
>>>@@@Event: swnTraceWindowType(-win "nTrace")
>>>verdiSetRCValue -section appSetting -key FVSetupCheckList -value {!clock/reset/glitch/comb_loop/multi_driver/osc_loop/osc_seq};
<<< Success : 
>>>vcstPropertyDensity -includeCov 0 
<<< Success : 0
>>>@@@Event: swnTraceWindowType(-win "nTrace")
>>>@@@Event: swnTraceWindowType(-win "nTrace")
>>>@@@Event: swnTraceWindowType(-win "nTrace")
>>>@@@Event: swnTraceWindowType(-win "nTrace")
>>>@@@Event: swnTraceWindowType(-win "nTrace")
>>>@@@Event: swnTraceWindowType(-win "nTrace")
>>>@@@Event: swnTraceWindowType(-win "nTrace")
>>>verdiSetRCValue -section appSetting -key fdc_w -value {650};verdiSetRCValue -section appSetting -key fdc_h -value {400};verdiSetRCValue -section appSetting -key fdc_x -value {1105};verdiSetRCValue -section appSetting -key fdc_y -value {394};
<<< Success : 
>>>verdiSetRCValue -section appSetting -key fdc_w -value {650};verdiSetRCValue -section appSetting -key fdc_h -value {400};verdiSetRCValue -section appSetting -key fdc_x -value {1105};verdiSetRCValue -section appSetting -key fdc_y -value {394};
<<< Success : 
>>>@@@Event: swnTraceWindowType(-win "nTrace")
>>>@@@Event: swnTraceWindowType(-win "nTrace")
>>>@@@Event: swnTraceWindowType(-win "nTrace")
>>>@@@Event: swnTraceWindowType(-win "nTrace")
>>>@@@Event: swnTraceWindowType(-win "nTrace")
>>>@@@Event: swnTraceWindowType(-win "nTrace")
>>>@@@Event: swnTraceWindowType(-win "nTrace")
>>>@@@Event: swnTraceWindowType(-win "nTrace")
>>>@@@Event: swnTraceWindowType(-win "nTrace")
>>>@@@Event: swnTraceWindowType(-win "nTrace")
>>>verdiVcstGetTooltipByPropertyName -propName {traffic.chk.assert_green_no_waiting_first}
>>>@@@Event: verdiRunVcstCmd(___fvGetTooltip {assert_green_no_waiting_first: assert property ( @(posedge clk)
        (!waiting_main && red_first && waiting_first) |-> green_first) } -no_wait)
>>>verdiGetVcstCmdResult -xmlstr {<Command name="___fvGetTooltip" received="1"></Command>}

<<< Success : 1
<<< Success : 1
>>>verdiVcstGetTooltipByPropertyName -propName {traffic.chk.assert_gyr_oh_first}
>>>@@@Event: verdiRunVcstCmd(___fvGetTooltip {assert_gyr_oh_first: assert property ( @(posedge clk)
        $onehot({green_first,red_first,yellow_first})) } -no_wait)
>>>verdiGetVcstCmdResult -xmlstr {<Command name="___fvGetTooltip" received="1"></Command>}

<<< Success : 1
<<< Success : 1
>>>verdiVcstGetTooltipByPropertyName -propName {traffic.chk.assert_green_no_waiting_main}
>>>@@@Event: verdiRunVcstCmd(___fvGetTooltip {assert_green_no_waiting_main: assert property ( @(posedge clk)
        (!waiting_first && red_main && waiting_first) |-> green_main) } -no_wait)
>>>verdiGetVcstCmdResult -xmlstr {<Command name="___fvGetTooltip" received="1"></Command>}

<<< Success : 1
<<< Success : 1
>>>verdiVcstGetTooltipByPropertyName -propName {traffic.chk.assert_gyr_oh_first}
>>>@@@Event: verdiRunVcstCmd(___fvGetTooltip {assert_gyr_oh_first: assert property ( @(posedge clk)
        $onehot({green_first,red_first,yellow_first})) } -no_wait)
>>>verdiGetVcstCmdResult -xmlstr {<Command name="___fvGetTooltip" received="1"></Command>}

<<< Success : 1
<<< Success : 1
>>>verdiVcstGetTooltipByPropertyName -propName {traffic.chk.assert_gyr_oh_first}
>>>@@@Event: verdiRunVcstCmd(___fvGetTooltip {assert_gyr_oh_first: assert property ( @(posedge clk)
        $onehot({green_first,red_first,yellow_first})) } -no_wait)
>>>verdiGetVcstCmdResult -xmlstr {<Command name="___fvGetTooltip" received="1"></Command>}

<<< Success : 1
<<< Success : 1
>>>verdiVcstGetTooltipByPropertyName -propName {traffic.chk.assert_gyr_oh_first}
>>>@@@Event: verdiRunVcstCmd(___fvGetTooltip {assert_gyr_oh_first: assert property ( @(posedge clk)
        $onehot({green_first,red_first,yellow_first})) } -no_wait)
>>>verdiGetVcstCmdResult -xmlstr {<Command name="___fvGetTooltip" received="1"></Command>}

<<< Success : 1
<<< Success : 1
>>>verdiVcstGetTooltipByPropertyName -propName {traffic.chk.assert_hazard_in_main}
>>>@@@Event: verdiRunVcstCmd(___fvGetTooltip {assert_hazard_in_main: assert property( @(posedge clk) 
        (green_main || yellow_main) |-> red_first) } -no_wait)
>>>verdiGetVcstCmdResult -xmlstr {<Command name="___fvGetTooltip" received="1"></Command>}

<<< Success : 1
<<< Success : 1
>>>verdiVcstGetTooltipByPropertyName -propName {traffic.chk.assert_hazard_in_main}
>>>@@@Event: verdiRunVcstCmd(___fvGetTooltip {assert_hazard_in_main: assert property( @(posedge clk) 
        (green_main || yellow_main) |-> red_first) } -no_wait)
>>>verdiGetVcstCmdResult -xmlstr {<Command name="___fvGetTooltip" received="1"></Command>}

<<< Success : 1
<<< Success : 1
>>>verdiVcstGetTooltipByPropertyName -propName {traffic.chk.assert_hazard_in_main}
>>>@@@Event: verdiRunVcstCmd(___fvGetTooltip {assert_hazard_in_main: assert property( @(posedge clk) 
        (green_main || yellow_main) |-> red_first) } -no_wait)
>>>verdiGetVcstCmdResult -xmlstr {<Command name="___fvGetTooltip" received="1"></Command>}

<<< Success : 1
<<< Success : 1
>>>verdiVcstGetTooltipByPropertyName -propName {traffic.chk.assert_honor_waiting_first}
>>>@@@Event: verdiRunVcstCmd(___fvGetTooltip {assert_honor_waiting_first: assert property( @(posedge clk) 
        $rose(waiting_first) |-> ##[0:MAX_WAIT] green_first) } -no_wait)
>>>verdiGetVcstCmdResult -xmlstr {<Command name="___fvGetTooltip" received="1"></Command>}

<<< Success : 1
<<< Success : 1
>>>verdiVcstGetTooltipByPropertyName -propName {traffic.chk.assert_honor_waiting_first}
>>>@@@Event: verdiRunVcstCmd(___fvGetTooltip {assert_honor_waiting_first: assert property( @(posedge clk) 
        $rose(waiting_first) |-> ##[0:MAX_WAIT] green_first) } -no_wait)
>>>verdiGetVcstCmdResult -xmlstr {<Command name="___fvGetTooltip" received="1"></Command>}

<<< Success : 1
<<< Success : 1
>>>verdiVcstGetTooltipByPropertyName -propName {traffic.chk.assert_honor_waiting_first}
>>>@@@Event: verdiRunVcstCmd(___fvGetTooltip {assert_honor_waiting_first: assert property( @(posedge clk) 
        $rose(waiting_first) |-> ##[0:MAX_WAIT] green_first) } -no_wait)
>>>verdiGetVcstCmdResult -xmlstr {<Command name="___fvGetTooltip" received="1"></Command>}

<<< Success : 1
<<< Success : 1
>>>verdiVcstGetTooltipByPropertyName -propName {traffic.chk.assert_honor_waiting_first}
>>>@@@Event: verdiRunVcstCmd(___fvGetTooltip {assert_honor_waiting_first: assert property( @(posedge clk) 
        $rose(waiting_first) |-> ##[0:MAX_WAIT] green_first) } -no_wait)
>>>verdiGetVcstCmdResult -xmlstr {<Command name="___fvGetTooltip" received="1"></Command>}

<<< Success : 1
<<< Success : 1
>>>verdiVcstGetTooltipByPropertyName -propName {traffic.chk.assert_honor_waiting_first}
>>>@@@Event: verdiRunVcstCmd(___fvGetTooltip {assert_honor_waiting_first: assert property( @(posedge clk) 
        $rose(waiting_first) |-> ##[0:MAX_WAIT] green_first) } -no_wait)
>>>verdiGetVcstCmdResult -xmlstr {<Command name="___fvGetTooltip" received="1"></Command>}

<<< Success : 1
<<< Success : 1
>>>verdiVcstGetTooltipByPropertyName -propName {traffic.chk.assert_honor_waiting_first}
>>>@@@Event: verdiRunVcstCmd(___fvGetTooltip {assert_honor_waiting_first: assert property( @(posedge clk) 
        $rose(waiting_first) |-> ##[0:MAX_WAIT] green_first) } -no_wait)
>>>verdiGetVcstCmdResult -xmlstr {<Command name="___fvGetTooltip" received="1"></Command>}

<<< Success : 1
<<< Success : 1
>>>@@@Event: swnTraceWindowType(-win "nTrace")
>>>report_fv_complexity -fmlCmd { -design }
>>>@@@Event: vcstReportFvComplexity( -fmlCmd  -design)
<<< Success : 1
>>>@@@Event: swnTraceWindowType(-win "nTrace")
>>>verdiComplexityConstructApp -xmlFile /h/d3/v/sh5704ch-s/ICP-Verification/FPV/run/vcst_rtdb/.internal/verdi/complexity.xml
>>>@@@Event: vcstReportFvComplexity(-cmd ___vcGetConstantComplexity {/h/d3/v/sh5704ch-s/ICP-Verification/FPV/run/vcst_rtdb/.internal/verdi/constant.xml})
<<< Success : 1
>>>verdiVcstConstantGet -xmlFile /h/d3/v/sh5704ch-s/ICP-Verification/FPV/run/vcst_rtdb/.internal/verdi/constant.xml -updateComplexity 
<<< Success : 1
